2026-01-05 20:46:18,299 - INFO - logger.py:53 - Uygulama başlatılıyor...
2026-01-05 20:46:18,452 - INFO - logger.py:53 - Veritabanı bağlantısı başarılı.
2026-01-05 20:46:38,942 - INFO - logger.py:53 - Uygulama kapatılıyor. Çıkış kodu: 0
2026-01-05 20:48:04,567 - INFO - logger.py:53 - Uygulama başlatılıyor...
2026-01-05 20:48:04,708 - INFO - logger.py:53 - Veritabanı bağlantısı başarılı.
2026-01-05 20:48:19,193 - INFO - logger.py:53 - Uygulama kapatılıyor. Çıkış kodu: 0
2026-01-05 20:50:02,788 - INFO - logger.py:53 - Uygulama başlatılıyor...
2026-01-05 20:50:02,982 - INFO - logger.py:53 - Veritabanı bağlantısı başarılı.
2026-01-05 20:53:16,706 - INFO - logger.py:53 - Uygulama başlatılıyor...
2026-01-05 20:53:17,494 - INFO - logger.py:53 - Veritabanı bağlantısı başarılı.
2026-01-05 20:53:22,760 - INFO - logger.py:53 - Uygulama kapatılıyor. Çıkış kodu: 0
2026-01-05 20:53:55,407 - INFO - logger.py:53 - Uygulama başlatılıyor...
2026-01-05 20:53:55,642 - INFO - logger.py:53 - Veritabanı bağlantısı başarılı.
2025-12-25 00:00:02,718 - INFO - logger.py:53 - Uygulama başlatılıyor...
2025-12-25 00:00:03,037 - INFO - logger.py:53 - Veritabanı bağlantısı başarılı.
2026-01-05 21:03:14,918 - INFO - logger.py:53 - Uygulama kapatılıyor. Çıkış kodu: 0
2025-12-25 00:00:01,880 - INFO - logger.py:53 - Uygulama başlatılıyor...
2025-12-25 00:00:02,236 - INFO - logger.py:53 - Veritabanı bağlantısı başarılı.
2025-12-25 00:01:35,915 - INFO - logger.py:53 - Uygulama kapatılıyor. Çıkış kodu: 0
2025-12-25 00:00:03,268 - INFO - logger.py:53 - Uygulama başlatılıyor...
2025-12-25 00:00:01,860 - INFO - logger.py:53 - Uygulama başlatılıyor...
2025-12-25 00:00:02,232 - INFO - logger.py:53 - Uygulama başlatılıyor...
2025-12-25 00:00:01,841 - INFO - logger.py:53 - Uygulama başlatılıyor...
2025-12-25 00:00:02,028 - INFO - logger.py:53 - Uygulama başlatılıyor...
2025-12-25 00:00:02,374 - INFO - logger.py:53 - Uygulama başlatılıyor...
2026-01-05 21:14:31,573 - INFO - logger.py:53 - Uygulama başlatılıyor...
2026-01-05 21:16:57,339 - INFO - logger.py:53 - Uygulama başlatılıyor...
2026-01-05 21:17:30,287 - INFO - logger.py:53 - Uygulama başlatılıyor...
2026-01-05 21:19:10,329 - INFO - logger.py:53 - Uygulama başlatılıyor...
2026-01-05 21:19:11,085 - INFO - logger.py:53 - Veritabanı bağlantısı başarılı.
2026-01-05 21:19:24,819 - INFO - logger.py:53 - Uygulama kapatılıyor. Çıkış kodu: 0
2025-12-25 00:00:02,346 - INFO - logger.py:53 - Uygulama başlatılıyor...
2025-12-25 00:00:02,638 - INFO - logger.py:53 - Veritabanı bağlantısı başarılı.
2025-12-25 00:00:02,413 - INFO - logger.py:53 - Uygulama başlatılıyor...
2025-12-25 00:00:01,726 - INFO - logger.py:53 - Uygulama başlatılıyor...
2025-12-25 00:00:35,899 - INFO - logger.py:53 - Uygulama başlatılıyor...
2025-12-25 00:00:37,208 - INFO - logger.py:53 - Veritabanı bağlantısı başarılı.
2025-12-25 00:00:02,130 - INFO - logger.py:53 - Uygulama başlatılıyor...
2025-12-25 00:00:02,582 - INFO - logger.py:53 - Veritabanı bağlantısı başarılı.
2025-12-25 00:02:03,131 - INFO - logger.py:53 - Talep onaylandı. ID: 422
2025-12-25 00:02:21,045 - INFO - logger.py:53 - Yeni teklif eklendi.
2025-12-25 00:03:05,880 - INFO - logger.py:53 - Teklif güncellendi. ID: 1453
2025-12-25 00:03:10,918 - INFO - logger.py:53 - Talep durumu Tamamlandı (4) yapıldı. Talep ID: 422
2025-12-25 00:03:10,919 - INFO - logger.py:53 - Diğer teklifler otomatik reddedildi. ReqID: 422
2025-12-25 00:03:10,919 - INFO - logger.py:53 - Teklif onaylandı ve sipariş oluşturuldu. Teklif ID: 1453, Kur: 50.204
2025-12-25 00:04:59,661 - INFO - logger.py:53 - Sipariş teslim alındı olarak işaretlendi. ID: 479
2025-12-25 00:05:15,182 - INFO - logger.py:53 - Fatura oluşturuldu. No: asd
2025-12-25 00:06:38,513 - INFO - logger.py:53 - Uygulama kapatılıyor. Çıkış kodu: 0
2025-12-25 00:00:04,136 - INFO - logger.py:53 - Uygulama başlatılıyor...
2025-12-25 00:00:04,258 - INFO - logger.py:53 - Veritabanı bağlantısı başarılı.
2025-12-25 00:01:42,802 - INFO - logger.py:53 - Uygulama kapatılıyor. Çıkış kodu: 0
2025-12-25 00:00:03,307 - INFO - logger.py:53 - Uygulama başlatılıyor...
2025-12-25 00:00:03,465 - INFO - logger.py:53 - Veritabanı bağlantısı başarılı.
2025-12-25 00:01:19,672 - INFO - logger.py:53 - Uygulama kapatılıyor. Çıkış kodu: 0
2025-12-25 00:00:02,319 - INFO - logger.py:53 - Uygulama başlatılıyor...
2025-12-25 00:00:02,524 - INFO - logger.py:53 - Veritabanı bağlantısı başarılı.
2025-12-25 01:22:15,618 - INFO - logger.py:53 - Talep onaylandı. ID: 356
2025-12-25 01:24:36,847 - INFO - logger.py:53 - Yeni teklif eklendi.
2025-12-25 01:26:01,793 - INFO - logger.py:53 - Yeni teklif eklendi.
2025-12-25 01:26:14,911 - INFO - logger.py:53 - Talep durumu Tamamlandı (4) yapıldı. Talep ID: 356
2025-12-25 01:26:14,913 - INFO - logger.py:53 - Diğer teklifler otomatik reddedildi. ReqID: 356
2025-12-25 01:26:14,913 - INFO - logger.py:53 - Teklif onaylandı ve sipariş oluşturuldu. Teklif ID: 1454, Kur: 50.204
2025-12-25 01:27:26,301 - INFO - logger.py:53 - Sipariş teslim alındı olarak işaretlendi. ID: 480
2025-12-25 01:28:03,205 - INFO - logger.py:53 - Fatura oluşturuldu. No: deneme
2025-12-25 01:37:34,282 - INFO - logger.py:53 - Uygulama kapatılıyor. Çıkış kodu: 0
